# JRE version: Java(TM) SE Runtime Environment (8.0_25-b18) (build 1.8.0_25-b18)
# Java VM: Java HotSpot(TM) 64-Bit Server VM (25.25-b02 mixed mode windows-amd64 compressed oops)
Heap:
 PSYoungGen      total 146944K, used 130192K [0x00000000d5900000, 0x00000000df700000, 0x0000000100000000)
  eden space 133120K, 92% used [0x00000000d5900000,0x00000000dd09dec0,0x00000000ddb00000)
  from space 13824K, 55% used [0x00000000de980000,0x00000000df106520,0x00000000df700000)
  to   space 14336K, 0% used [0x00000000ddb00000,0x00000000ddb00000,0x00000000de900000)
 ParOldGen       total 87552K, used 15117K [0x0000000080a00000, 0x0000000085f80000, 0x00000000d5900000)
  object space 87552K, 17% used [0x0000000080a00000,0x00000000818c37a0,0x0000000085f80000)
 Metaspace       used 6960K, capacity 7091K, committed 7168K, reserved 1056768K
  class space    used 698K, capacity 764K, committed 768K, reserved 1048576K
GC Heap History (10 events):
Event: 0.660 GC heap before
{Heap before GC invocations=2 (full 0):
 PSYoungGen      total 38400K, used 36128K [0x00000000d5900000, 0x00000000d8380000, 0x0000000100000000)
  eden space 33280K, 100% used [0x00000000d5900000,0x00000000d7980000,0x00000000d7980000)
  from space 5120K, 55% used [0x00000000d7980000,0x00000000d7c482a8,0x00000000d7e80000)
  to   space 5120K, 0% used [0x00000000d7e80000,0x00000000d7e80000,0x00000000d8380000)
 ParOldGen       total 87552K, used 8K [0x0000000080a00000, 0x0000000085f80000, 0x00000000d5900000)
  object space 87552K, 0% used [0x0000000080a00000,0x0000000080a02000,0x0000000085f80000)
 Metaspace       used 6324K, capacity 6419K, committed 6656K, reserved 1056768K
  class space    used 633K, capacity 668K, committed 768K, reserved 1048576K
Event: 0.664 GC heap after
Heap after GC invocations=2 (full 0):
 PSYoungGen      total 38400K, used 3577K [0x00000000d5900000, 0x00000000da400000, 0x0000000100000000)
  eden space 33280K, 0% used [0x00000000d5900000,0x00000000d5900000,0x00000000d7980000)
  from space 5120K, 69% used [0x00000000d7e80000,0x00000000d81fe5d8,0x00000000d8380000)
  to   space 5120K, 0% used [0x00000000d7980000,0x00000000d7980000,0x00000000d7e80000)
 ParOldGen       total 87552K, used 16K [0x0000000080a00000, 0x0000000085f80000, 0x00000000d5900000)
  object space 87552K, 0% used [0x0000000080a00000,0x0000000080a04000,0x0000000085f80000)
 Metaspace       used 6324K, capacity 6419K, committed 6656K, reserved 1056768K
  class space    used 633K, capacity 668K, committed 768K, reserved 1048576K
}
Event: 0.690 GC heap before
{Heap before GC invocations=3 (full 0):
 PSYoungGen      total 38400K, used 36857K [0x00000000d5900000, 0x00000000da400000, 0x0000000100000000)
  eden space 33280K, 100% used [0x00000000d5900000,0x00000000d7980000,0x00000000d7980000)
  from space 5120K, 69% used [0x00000000d7e80000,0x00000000d81fe5d8,0x00000000d8380000)
  to   space 5120K, 0% used [0x00000000d7980000,0x00000000d7980000,0x00000000d7e80000)
 ParOldGen       total 87552K, used 16K [0x0000000080a00000, 0x0000000085f80000, 0x00000000d5900000)
  object space 87552K, 0% used [0x0000000080a00000,0x0000000080a04000,0x0000000085f80000)
 Metaspace       used 6327K, capacity 6419K, committed 6656K, reserved 1056768K
  class space    used 633K, capacity 668K, committed 768K, reserved 1048576K
Event: 0.695 GC heap after
Heap after GC invocations=3 (full 0):
 PSYoungGen      total 38400K, used 5094K [0x00000000d5900000, 0x00000000da400000, 0x0000000100000000)
  eden space 33280K, 0% used [0x00000000d5900000,0x00000000d5900000,0x00000000d7980000)
  from space 5120K, 99% used [0x00000000d7980000,0x00000000d7e798d0,0x00000000d7e80000)
  to   space 5120K, 0% used [0x00000000d9f00000,0x00000000d9f00000,0x00000000da400000)
 ParOldGen       total 87552K, used 1848K [0x0000000080a00000, 0x0000000085f80000, 0x00000000d5900000)
  object space 87552K, 2% used [0x0000000080a00000,0x0000000080bce000,0x0000000085f80000)
 Metaspace       used 6327K, capacity 6419K, committed 6656K, reserved 1056768K
  class space    used 633K, capacity 668K, committed 768K, reserved 1048576K
}
Event: 0.720 GC heap before
{Heap before GC invocations=4 (full 0):
 PSYoungGen      total 38400K, used 38374K [0x00000000d5900000, 0x00000000da400000, 0x0000000100000000)
  eden space 33280K, 100% used [0x00000000d5900000,0x00000000d7980000,0x00000000d7980000)
  from space 5120K, 99% used [0x00000000d7980000,0x00000000d7e798d0,0x00000000d7e80000)
  to   space 5120K, 0% used [0x00000000d9f00000,0x00000000d9f00000,0x00000000da400000)
 ParOldGen       total 87552K, used 1848K [0x0000000080a00000, 0x0000000085f80000, 0x00000000d5900000)
  object space 87552K, 2% used [0x0000000080a00000,0x0000000080bce000,0x0000000085f80000)
 Metaspace       used 6327K, capacity 6419K, committed 6656K, reserved 1056768K
  class space    used 633K, capacity 668K, committed 768K, reserved 1048576K
Event: 0.725 GC heap after
Heap after GC invocations=4 (full 0):
 PSYoungGen      total 71680K, used 5108K [0x00000000d5900000, 0x00000000da400000, 0x0000000100000000)
  eden space 66560K, 0% used [0x00000000d5900000,0x00000000d5900000,0x00000000d9a00000)
  from space 5120K, 99% used [0x00000000d9f00000,0x00000000da3fd2c8,0x00000000da400000)
  to   space 5120K, 0% used [0x00000000d9a00000,0x00000000d9a00000,0x00000000d9f00000)
 ParOldGen       total 87552K, used 9288K [0x0000000080a00000, 0x0000000085f80000, 0x00000000d5900000)
  object space 87552K, 10% used [0x0000000080a00000,0x0000000081312000,0x0000000085f80000)
 Metaspace       used 6327K, capacity 6419K, committed 6656K, reserved 1056768K
  class space    used 633K, capacity 668K, committed 768K, reserved 1048576K
}
Event: 0.788 GC heap before
{Heap before GC invocations=5 (full 0):
 PSYoungGen      total 71680K, used 71668K [0x00000000d5900000, 0x00000000da400000, 0x0000000100000000)
  eden space 66560K, 100% used [0x00000000d5900000,0x00000000d9a00000,0x00000000d9a00000)
  from space 5120K, 99% used [0x00000000d9f00000,0x00000000da3fd2c8,0x00000000da400000)
  to   space 5120K, 0% used [0x00000000d9a00000,0x00000000d9a00000,0x00000000d9f00000)
 ParOldGen       total 87552K, used 9288K [0x0000000080a00000, 0x0000000085f80000, 0x00000000d5900000)
  object space 87552K, 10% used [0x0000000080a00000,0x0000000081312000,0x0000000085f80000)
 Metaspace       used 6327K, capacity 6419K, committed 6656K, reserved 1056768K
  class space    used 633K, capacity 668K, committed 768K, reserved 1048576K
Event: 0.795 GC heap after
Heap after GC invocations=5 (full 0):
 PSYoungGen      total 71680K, used 5088K [0x00000000d5900000, 0x00000000df800000, 0x0000000100000000)
  eden space 66560K, 0% used [0x00000000d5900000,0x00000000d5900000,0x00000000d9a00000)
  from space 5120K, 99% used [0x00000000d9a00000,0x00000000d9ef80e0,0x00000000d9f00000)
  to   space 14848K, 0% used [0x00000000de980000,0x00000000de980000,0x00000000df800000)
 ParOldGen       total 87552K, used 15109K [0x0000000080a00000, 0x0000000085f80000, 0x00000000d5900000)
  object space 87552K, 17% used [0x0000000080a00000,0x00000000818c17a0,0x0000000085f80000)
 Metaspace       used 6327K, capacity 6419K, committed 6656K, reserved 1056768K
  class space    used 633K, capacity 668K, committed 768K, reserved 1048576K
}
Event: 0.835 GC heap before
{Heap before GC invocations=6 (full 0):
 PSYoungGen      total 71680K, used 71648K [0x00000000d5900000, 0x00000000df800000, 0x0000000100000000)
  eden space 66560K, 100% used [0x00000000d5900000,0x00000000d9a00000,0x00000000d9a00000)
  from space 5120K, 99% used [0x00000000d9a00000,0x00000000d9ef80e0,0x00000000d9f00000)
  to   space 14848K, 0% used [0x00000000de980000,0x00000000de980000,0x00000000df800000)
 ParOldGen       total 87552K, used 15109K [0x0000000080a00000, 0x0000000085f80000, 0x00000000d5900000)
  object space 87552K, 17% used [0x0000000080a00000,0x00000000818c17a0,0x0000000085f80000)
 Metaspace       used 6327K, capacity 6419K, committed 6656K, reserved 1056768K
  class space    used 633K, capacity 668K, committed 768K, reserved 1048576K
Event: 0.840 GC heap after
Heap after GC invocations=6 (full 0):
 PSYoungGen      total 146944K, used 7705K [0x00000000d5900000, 0x00000000df700000, 0x0000000100000000)
  eden space 133120K, 0% used [0x00000000d5900000,0x00000000d5900000,0x00000000ddb00000)
  from space 13824K, 55% used [0x00000000de980000,0x00000000df106520,0x00000000df700000)
  to   space 14336K, 0% used [0x00000000ddb00000,0x00000000ddb00000,0x00000000de900000)
 ParOldGen       total 87552K, used 15117K [0x0000000080a00000, 0x0000000085f80000, 0x00000000d5900000)
  object space 87552K, 17% used [0x0000000080a00000,0x00000000818c37a0,0x0000000085f80000)
 Metaspace       used 6327K, capacity 6419K, committed 6656K, reserved 1056768K
  class space    used 633K, capacity 668K, committed 768K, reserved 1048576K
}

