# JRE version: Java(TM) SE Runtime Environment (8.0_25-b18) (build 1.8.0_25-b18)
# Java VM: Java HotSpot(TM) 64-Bit Server VM (25.25-b02 mixed mode windows-amd64 compressed oops)
Heap:
 PSYoungGen      total 145920K, used 129973K [0x00000000d5900000, 0x00000000df600000, 0x0000000100000000)
  eden space 133120K, 91% used [0x00000000d5900000,0x00000000dd06f250,0x00000000ddb00000)
  from space 12800K, 59% used [0x00000000de980000,0x00000000df0fe540,0x00000000df600000)
  to   space 13824K, 0% used [0x00000000ddb00000,0x00000000ddb00000,0x00000000de880000)
 ParOldGen       total 87552K, used 15133K [0x0000000080a00000, 0x0000000085f80000, 0x00000000d5900000)
  object space 87552K, 17% used [0x0000000080a00000,0x00000000818c77a0,0x0000000085f80000)
 Metaspace       used 6987K, capacity 7091K, committed 7168K, reserved 1056768K
  class space    used 698K, capacity 764K, committed 768K, reserved 1048576K
GC Heap History (10 events):
Event: 1.176 GC heap before
{Heap before GC invocations=2 (full 0):
 PSYoungGen      total 38400K, used 36164K [0x00000000d5900000, 0x00000000d8380000, 0x0000000100000000)
  eden space 33280K, 100% used [0x00000000d5900000,0x00000000d7980000,0x00000000d7980000)
  from space 5120K, 56% used [0x00000000d7980000,0x00000000d7c51020,0x00000000d7e80000)
  to   space 5120K, 0% used [0x00000000d7e80000,0x00000000d7e80000,0x00000000d8380000)
 ParOldGen       total 87552K, used 8K [0x0000000080a00000, 0x0000000085f80000, 0x00000000d5900000)
  object space 87552K, 0% used [0x0000000080a00000,0x0000000080a02000,0x0000000085f80000)
 Metaspace       used 6328K, capacity 6419K, committed 6656K, reserved 1056768K
  class space    used 633K, capacity 668K, committed 768K, reserved 1048576K
Event: 1.179 GC heap after
Heap after GC invocations=2 (full 0):
 PSYoungGen      total 38400K, used 3561K [0x00000000d5900000, 0x00000000da400000, 0x0000000100000000)
  eden space 33280K, 0% used [0x00000000d5900000,0x00000000d5900000,0x00000000d7980000)
  from space 5120K, 69% used [0x00000000d7e80000,0x00000000d81fa5e8,0x00000000d8380000)
  to   space 5120K, 0% used [0x00000000d7980000,0x00000000d7980000,0x00000000d7e80000)
 ParOldGen       total 87552K, used 16K [0x0000000080a00000, 0x0000000085f80000, 0x00000000d5900000)
  object space 87552K, 0% used [0x0000000080a00000,0x0000000080a04000,0x0000000085f80000)
 Metaspace       used 6328K, capacity 6419K, committed 6656K, reserved 1056768K
  class space    used 633K, capacity 668K, committed 768K, reserved 1048576K
}
Event: 1.203 GC heap before
{Heap before GC invocations=3 (full 0):
 PSYoungGen      total 38400K, used 36841K [0x00000000d5900000, 0x00000000da400000, 0x0000000100000000)
  eden space 33280K, 100% used [0x00000000d5900000,0x00000000d7980000,0x00000000d7980000)
  from space 5120K, 69% used [0x00000000d7e80000,0x00000000d81fa5e8,0x00000000d8380000)
  to   space 5120K, 0% used [0x00000000d7980000,0x00000000d7980000,0x00000000d7e80000)
 ParOldGen       total 87552K, used 16K [0x0000000080a00000, 0x0000000085f80000, 0x00000000d5900000)
  object space 87552K, 0% used [0x0000000080a00000,0x0000000080a04000,0x0000000085f80000)
 Metaspace       used 6331K, capacity 6419K, committed 6656K, reserved 1056768K
  class space    used 633K, capacity 668K, committed 768K, reserved 1048576K
Event: 1.212 GC heap after
Heap after GC invocations=3 (full 0):
 PSYoungGen      total 38400K, used 5094K [0x00000000d5900000, 0x00000000da400000, 0x0000000100000000)
  eden space 33280K, 0% used [0x00000000d5900000,0x00000000d5900000,0x00000000d7980000)
  from space 5120K, 99% used [0x00000000d7980000,0x00000000d7e798d0,0x00000000d7e80000)
  to   space 5120K, 0% used [0x00000000d9f00000,0x00000000d9f00000,0x00000000da400000)
 ParOldGen       total 87552K, used 1872K [0x0000000080a00000, 0x0000000085f80000, 0x00000000d5900000)
  object space 87552K, 2% used [0x0000000080a00000,0x0000000080bd4000,0x0000000085f80000)
 Metaspace       used 6331K, capacity 6419K, committed 6656K, reserved 1056768K
  class space    used 633K, capacity 668K, committed 768K, reserved 1048576K
}
Event: 1.233 GC heap before
{Heap before GC invocations=4 (full 0):
 PSYoungGen      total 38400K, used 38374K [0x00000000d5900000, 0x00000000da400000, 0x0000000100000000)
  eden space 33280K, 100% used [0x00000000d5900000,0x00000000d7980000,0x00000000d7980000)
  from space 5120K, 99% used [0x00000000d7980000,0x00000000d7e798d0,0x00000000d7e80000)
  to   space 5120K, 0% used [0x00000000d9f00000,0x00000000d9f00000,0x00000000da400000)
 ParOldGen       total 87552K, used 1872K [0x0000000080a00000, 0x0000000085f80000, 0x00000000d5900000)
  object space 87552K, 2% used [0x0000000080a00000,0x0000000080bd4000,0x0000000085f80000)
 Metaspace       used 6331K, capacity 6419K, committed 6656K, reserved 1056768K
  class space    used 633K, capacity 668K, committed 768K, reserved 1048576K
Event: 1.239 GC heap after
Heap after GC invocations=4 (full 0):
 PSYoungGen      total 71680K, used 5092K [0x00000000d5900000, 0x00000000da400000, 0x0000000100000000)
  eden space 66560K, 0% used [0x00000000d5900000,0x00000000d5900000,0x00000000d9a00000)
  from space 5120K, 99% used [0x00000000d9f00000,0x00000000da3f92d8,0x00000000da400000)
  to   space 5120K, 0% used [0x00000000d9a00000,0x00000000d9a00000,0x00000000d9f00000)
 ParOldGen       total 87552K, used 9312K [0x0000000080a00000, 0x0000000085f80000, 0x00000000d5900000)
  object space 87552K, 10% used [0x0000000080a00000,0x0000000081318000,0x0000000085f80000)
 Metaspace       used 6331K, capacity 6419K, committed 6656K, reserved 1056768K
  class space    used 633K, capacity 668K, committed 768K, reserved 1048576K
}
Event: 1.304 GC heap before
{Heap before GC invocations=5 (full 0):
 PSYoungGen      total 71680K, used 71652K [0x00000000d5900000, 0x00000000da400000, 0x0000000100000000)
  eden space 66560K, 100% used [0x00000000d5900000,0x00000000d9a00000,0x00000000d9a00000)
  from space 5120K, 99% used [0x00000000d9f00000,0x00000000da3f92d8,0x00000000da400000)
  to   space 5120K, 0% used [0x00000000d9a00000,0x00000000d9a00000,0x00000000d9f00000)
 ParOldGen       total 87552K, used 9312K [0x0000000080a00000, 0x0000000085f80000, 0x00000000d5900000)
  object space 87552K, 10% used [0x0000000080a00000,0x0000000081318000,0x0000000085f80000)
 Metaspace       used 6331K, capacity 6419K, committed 6656K, reserved 1056768K
  class space    used 633K, capacity 668K, committed 768K, reserved 1048576K
Event: 1.310 GC heap after
Heap after GC invocations=5 (full 0):
 PSYoungGen      total 71680K, used 5088K [0x00000000d5900000, 0x00000000df800000, 0x0000000100000000)
  eden space 66560K, 0% used [0x00000000d5900000,0x00000000d5900000,0x00000000d9a00000)
  from space 5120K, 99% used [0x00000000d9a00000,0x00000000d9ef8100,0x00000000d9f00000)
  to   space 14848K, 0% used [0x00000000de980000,0x00000000de980000,0x00000000df800000)
 ParOldGen       total 87552K, used 15133K [0x0000000080a00000, 0x0000000085f80000, 0x00000000d5900000)
  object space 87552K, 17% used [0x0000000080a00000,0x00000000818c77a0,0x0000000085f80000)
 Metaspace       used 6331K, capacity 6419K, committed 6656K, reserved 1056768K
  class space    used 633K, capacity 668K, committed 768K, reserved 1048576K
}
Event: 1.349 GC heap before
{Heap before GC invocations=6 (full 0):
 PSYoungGen      total 71680K, used 71648K [0x00000000d5900000, 0x00000000df800000, 0x0000000100000000)
  eden space 66560K, 100% used [0x00000000d5900000,0x00000000d9a00000,0x00000000d9a00000)
  from space 5120K, 99% used [0x00000000d9a00000,0x00000000d9ef8100,0x00000000d9f00000)
  to   space 14848K, 0% used [0x00000000de980000,0x00000000de980000,0x00000000df800000)
 ParOldGen       total 87552K, used 15133K [0x0000000080a00000, 0x0000000085f80000, 0x00000000d5900000)
  object space 87552K, 17% used [0x0000000080a00000,0x00000000818c77a0,0x0000000085f80000)
 Metaspace       used 6331K, capacity 6419K, committed 6656K, reserved 1056768K
  class space    used 633K, capacity 668K, committed 768K, reserved 1048576K
Event: 1.354 GC heap after
Heap after GC invocations=6 (full 0):
 PSYoungGen      total 145920K, used 7673K [0x00000000d5900000, 0x00000000df600000, 0x0000000100000000)
  eden space 133120K, 0% used [0x00000000d5900000,0x00000000d5900000,0x00000000ddb00000)
  from space 12800K, 59% used [0x00000000de980000,0x00000000df0fe540,0x00000000df600000)
  to   space 13824K, 0% used [0x00000000ddb00000,0x00000000ddb00000,0x00000000de880000)
 ParOldGen       total 87552K, used 15133K [0x0000000080a00000, 0x0000000085f80000, 0x00000000d5900000)
  object space 87552K, 17% used [0x0000000080a00000,0x00000000818c77a0,0x0000000085f80000)
 Metaspace       used 6331K, capacity 6419K, committed 6656K, reserved 1056768K
  class space    used 633K, capacity 668K, committed 768K, reserved 1048576K
}

